<?xml version="1.0" encoding="utf-8"?><testsuites name="pytest tests"><testsuite name="pytest" errors="0" failures="0" skipped="0" tests="33" time="4.759" timestamp="2026-07-01T12:32:30.064665+00:00" hostname="agent-env-61e5849d-1466-4257-ad24-0fd9290c98fb"><testcase classname="tests.backend_test.TestMarket" name="test_catalog" time="0.218" /><testcase classname="tests.backend_test.TestAuthProtection" name="test_savings_post_requires_auth" time="0.247" /><testcase classname="tests.backend_test.TestMarket" name="test_watchlist_seeds_defaults" time="0.044" /><testcase classname="tests.backend_test.TestAuthProtection" name="test_txn_post_requires_auth" time="0.133" /><testcase classname="tests.backend_test.TestMarket" name="test_quotes_returns_all_symbols" time="0.189" /><testcase classname="tests.backend_test.TestAuthProtection" name="test_business_post_requires_auth" time="0.102" /><testcase classname="tests.backend_test.TestMarket" name="test_watchlist_write_requires_auth" time="0.233" /><testcase classname="tests.backend_test.TestAuthProtection" name="test_daily_put_requires_auth" time="0.137" /><testcase classname="tests.backend_test.TestAuthProtection" name="test_settings_put_requires_auth" time="0.144" /><testcase classname="tests.backend_test.TestGrowth" name="test_metrics_defs" time="0.214" /><testcase classname="tests.backend_test.TestMarket" name="test_watchlist_add_and_delete" time="0.703" /><testcase classname="tests.backend_test.TestGrowth" name="test_growth_write_requires_auth" time="0.134" /><testcase classname="tests.backend_test.TestGrowth" name="test_growth_log_and_sort" time="1.014" /><testcase classname="tests.backend_test.TestAuth" name="test_login_success" time="0.266" /><testcase classname="tests.backend_test.TestAuth" name="test_login_wrong_password" time="0.264" /><testcase classname="tests.backend_test.TestAuth" name="test_me_with_token" time="0.050" /><testcase classname="tests.backend_test.TestAuth" name="test_me_without_token" time="0.102" /><testcase classname="tests.backend_test.TestDailyLog" name="test_9am_rule" time="0.237" /><testcase classname="tests.backend_test.TestGrowth" name="test_snapshot_networth" time="0.129" /><testcase classname="tests.backend_test.TestPublicGets" name="test_settings" time="0.082" /><testcase classname="tests.backend_test.TestDailyLog" name="test_task_category_and_comment_persist" time="0.226" /><testcase classname="tests.backend_test.TestPublicGets" name="test_finance_summary_shape" time="0.086" /><testcase classname="tests.backend_test.TestPublicGets" name="test_lists_are_arrays" time="0.236" /><testcase classname="tests.backend_test.TestTrades" name="test_trades_write_requires_auth" time="0.134" /><testcase classname="tests.backend_test.TestRelationships" name="test_write_requires_auth" time="0.182" /><testcase classname="tests.backend_test.TestTrades" name="test_trade_pnl_and_summary" time="0.359" /><testcase classname="tests.backend_test.TestRelationships" name="test_person_and_logs" time="0.250" /><testcase classname="tests.backend_test.TestBooks" name="test_write_requires_auth" time="0.142" /><testcase classname="tests.backend_test.TestSavings" name="test_savings_lifecycle_and_summary" time="0.419" /><testcase classname="tests.backend_test.TestBooks" name="test_books_crud_and_summary" time="0.176" /><testcase classname="tests.backend_test.TestBusiness" name="test_business_and_summary" time="0.222" /><testcase classname="tests.backend_test.TestTransactions" name="test_income_expense_and_summary" time="0.342" /><testcase classname="tests.backend_test.TestBusinessExtended" name="test_business_social_and_failed" time="0.298" /></testsuite></testsuites>